<?xml version="1.0" encoding="UTF-8"?>
<testng-results ignored="0" total="19" passed="19" failed="0" skipped="0">
  <reporter-output>
  </reporter-output>
  <suite started-at="2021-05-18T13:13:37 GMT" name="Suite" finished-at="2021-05-18T13:18:23 GMT" duration-ms="286129">
    <groups>
    </groups>
    <test started-at="2021-05-18T13:13:37 GMT" name="Scenario1 local chrome" finished-at="2021-05-18T13:13:41 GMT" duration-ms="4284">
      <class name="app.netlify.automation.scenario1">
        <test-method signature="s1(java.lang.String, java.lang.String, java.lang.String, java.lang.String, java.lang.String, java.lang.String)[pri:0, instance:app.netlify.automation.scenario1@d706f19]" started-at="2021-05-18T13:13:37 GMT" name="s1" finished-at="2021-05-18T13:13:41 GMT" duration-ms="4231" status="PASS">
          <params>
            <param index="0">
              <value>
                <![CDATA[chrome]]>
              </value>
            </param>
            <param index="1">
              <value>
                <![CDATA[]]>
              </value>
            </param>
            <param index="2">
              <value>
                <![CDATA[]]>
              </value>
            </param>
            <param index="3">
              <value>
                <![CDATA[]]>
              </value>
            </param>
            <param index="4">
              <value>
                <![CDATA[]]>
              </value>
            </param>
            <param index="5">
              <value>
                <![CDATA[]]>
              </value>
            </param>
          </params>
          <reporter-output>
          </reporter-output>
        </test-method> <!-- s1 -->
      </class> <!-- app.netlify.automation.scenario1 -->
    </test> <!-- Scenario1 local chrome -->
    <test started-at="2021-05-18T13:13:41 GMT" name="Scenario1 local firefox" finished-at="2021-05-18T13:13:46 GMT" duration-ms="4929">
      <class name="app.netlify.automation.scenario1">
        <test-method signature="s1(java.lang.String, java.lang.String, java.lang.String, java.lang.String, java.lang.String, java.lang.String)[pri:0, instance:app.netlify.automation.scenario1@78aab498]" started-at="2021-05-18T13:13:41 GMT" name="s1" finished-at="2021-05-18T13:13:46 GMT" duration-ms="4916" status="PASS">
          <params>
            <param index="0">
              <value>
                <![CDATA[firefox]]>
              </value>
            </param>
            <param index="1">
              <value>
                <![CDATA[]]>
              </value>
            </param>
            <param index="2">
              <value>
                <![CDATA[]]>
              </value>
            </param>
            <param index="3">
              <value>
                <![CDATA[]]>
              </value>
            </param>
            <param index="4">
              <value>
                <![CDATA[]]>
              </value>
            </param>
            <param index="5">
              <value>
                <![CDATA[S1-L-F]]>
              </value>
            </param>
          </params>
          <reporter-output>
          </reporter-output>
        </test-method> <!-- s1 -->
      </class> <!-- app.netlify.automation.scenario1 -->
    </test> <!-- Scenario1 local firefox -->
    <test started-at="2021-05-18T13:13:46 GMT" name="Scenario1 local edge" finished-at="2021-05-18T13:13:49 GMT" duration-ms="3133">
      <class name="app.netlify.automation.scenario1">
        <test-method signature="s1(java.lang.String, java.lang.String, java.lang.String, java.lang.String, java.lang.String, java.lang.String)[pri:0, instance:app.netlify.automation.scenario1@1677d1]" started-at="2021-05-18T13:13:46 GMT" name="s1" finished-at="2021-05-18T13:13:49 GMT" duration-ms="3124" status="PASS">
          <params>
            <param index="0">
              <value>
                <![CDATA[edge]]>
              </value>
            </param>
            <param index="1">
              <value>
                <![CDATA[]]>
              </value>
            </param>
            <param index="2">
              <value>
                <![CDATA[]]>
              </value>
            </param>
            <param index="3">
              <value>
                <![CDATA[]]>
              </value>
            </param>
            <param index="4">
              <value>
                <![CDATA[]]>
              </value>
            </param>
            <param index="5">
              <value>
                <![CDATA[S1-L-E]]>
              </value>
            </param>
          </params>
          <reporter-output>
          </reporter-output>
        </test-method> <!-- s1 -->
      </class> <!-- app.netlify.automation.scenario1 -->
    </test> <!-- Scenario1 local edge -->
    <test started-at="2021-05-18T13:13:49 GMT" name="Scenario2 local chrome" finished-at="2021-05-18T13:13:53 GMT" duration-ms="3480">
      <class name="app.netlify.automation.scenario2">
        <test-method signature="s2(java.lang.String, java.lang.String, java.lang.String, java.lang.String, java.lang.String, java.lang.String)[pri:0, instance:app.netlify.automation.scenario2@2b6faea6]" started-at="2021-05-18T13:13:49 GMT" name="s2" finished-at="2021-05-18T13:13:53 GMT" duration-ms="3472" status="PASS">
          <params>
            <param index="0">
              <value>
                <![CDATA[chrome]]>
              </value>
            </param>
            <param index="1">
              <value>
                <![CDATA[]]>
              </value>
            </param>
            <param index="2">
              <value>
                <![CDATA[]]>
              </value>
            </param>
            <param index="3">
              <value>
                <![CDATA[]]>
              </value>
            </param>
            <param index="4">
              <value>
                <![CDATA[]]>
              </value>
            </param>
            <param index="5">
              <value>
                <![CDATA[S2-L-C]]>
              </value>
            </param>
          </params>
          <reporter-output>
          </reporter-output>
        </test-method> <!-- s2 -->
      </class> <!-- app.netlify.automation.scenario2 -->
    </test> <!-- Scenario2 local chrome -->
    <test started-at="2021-05-18T13:13:53 GMT" name="Scenario2 local firefox" finished-at="2021-05-18T13:14:00 GMT" duration-ms="6688">
      <class name="app.netlify.automation.scenario2">
        <test-method signature="s2(java.lang.String, java.lang.String, java.lang.String, java.lang.String, java.lang.String, java.lang.String)[pri:0, instance:app.netlify.automation.scenario2@96def03]" started-at="2021-05-18T13:13:53 GMT" name="s2" finished-at="2021-05-18T13:14:00 GMT" duration-ms="6682" status="PASS">
          <params>
            <param index="0">
              <value>
                <![CDATA[firefox]]>
              </value>
            </param>
            <param index="1">
              <value>
                <![CDATA[]]>
              </value>
            </param>
            <param index="2">
              <value>
                <![CDATA[]]>
              </value>
            </param>
            <param index="3">
              <value>
                <![CDATA[]]>
              </value>
            </param>
            <param index="4">
              <value>
                <![CDATA[]]>
              </value>
            </param>
            <param index="5">
              <value>
                <![CDATA[S1-L-F]]>
              </value>
            </param>
          </params>
          <reporter-output>
          </reporter-output>
        </test-method> <!-- s2 -->
      </class> <!-- app.netlify.automation.scenario2 -->
    </test> <!-- Scenario2 local firefox -->
    <test started-at="2021-05-18T13:14:00 GMT" name="Scenari2 local edge" finished-at="2021-05-18T13:14:03 GMT" duration-ms="3677">
      <class name="app.netlify.automation.scenario2">
        <test-method signature="s2(java.lang.String, java.lang.String, java.lang.String, java.lang.String, java.lang.String, java.lang.String)[pri:0, instance:app.netlify.automation.scenario2@3cc2931c]" started-at="2021-05-18T13:14:00 GMT" name="s2" finished-at="2021-05-18T13:14:03 GMT" duration-ms="3671" status="PASS">
          <params>
            <param index="0">
              <value>
                <![CDATA[edge]]>
              </value>
            </param>
            <param index="1">
              <value>
                <![CDATA[]]>
              </value>
            </param>
            <param index="2">
              <value>
                <![CDATA[]]>
              </value>
            </param>
            <param index="3">
              <value>
                <![CDATA[]]>
              </value>
            </param>
            <param index="4">
              <value>
                <![CDATA[]]>
              </value>
            </param>
            <param index="5">
              <value>
                <![CDATA[S1-L-E]]>
              </value>
            </param>
          </params>
          <reporter-output>
          </reporter-output>
        </test-method> <!-- s2 -->
      </class> <!-- app.netlify.automation.scenario2 -->
    </test> <!-- Scenari2 local edge -->
    <test started-at="2021-05-18T13:14:03 GMT" name="local chrome" finished-at="2021-05-18T13:14:07 GMT" duration-ms="3385">
      <class name="app.netlify.automation.scenario2">
        <test-method signature="s2(java.lang.String, java.lang.String, java.lang.String, java.lang.String, java.lang.String, java.lang.String)[pri:0, instance:app.netlify.automation.scenario2@5cee5251]" started-at="2021-05-18T13:14:03 GMT" name="s2" finished-at="2021-05-18T13:14:07 GMT" duration-ms="3381" status="PASS">
          <params>
            <param index="0">
              <value>
                <![CDATA[chrome]]>
              </value>
            </param>
            <param index="1">
              <value>
                <![CDATA[]]>
              </value>
            </param>
            <param index="2">
              <value>
                <![CDATA[]]>
              </value>
            </param>
            <param index="3">
              <value>
                <![CDATA[]]>
              </value>
            </param>
            <param index="4">
              <value>
                <![CDATA[]]>
              </value>
            </param>
            <param index="5">
              <value>
                <![CDATA[]]>
              </value>
            </param>
          </params>
          <reporter-output>
          </reporter-output>
        </test-method> <!-- s2 -->
      </class> <!-- app.netlify.automation.scenario2 -->
    </test> <!-- local chrome -->
    <test started-at="2021-05-18T13:14:07 GMT" name="Scenario1 Browserstack winchrome" finished-at="2021-05-18T13:14:15 GMT" duration-ms="8625">
      <class name="app.netlify.automation.scenario1">
        <test-method signature="s1(java.lang.String, java.lang.String, java.lang.String, java.lang.String, java.lang.String, java.lang.String)[pri:0, instance:app.netlify.automation.scenario1@4386f16]" started-at="2021-05-18T13:14:07 GMT" name="s1" finished-at="2021-05-18T13:14:15 GMT" duration-ms="8622" status="PASS">
          <params>
            <param index="0">
              <value>
                <![CDATA[browserstack]]>
              </value>
            </param>
            <param index="1">
              <value>
                <![CDATA[Chrome]]>
              </value>
            </param>
            <param index="2">
              <value>
                <![CDATA[]]>
              </value>
            </param>
            <param index="3">
              <value>
                <![CDATA[Windows]]>
              </value>
            </param>
            <param index="4">
              <value>
                <![CDATA[10]]>
              </value>
            </param>
            <param index="5">
              <value>
                <![CDATA[BS-S1-winchrome]]>
              </value>
            </param>
          </params>
          <reporter-output>
          </reporter-output>
        </test-method> <!-- s1 -->
      </class> <!-- app.netlify.automation.scenario1 -->
    </test> <!-- Scenario1 Browserstack winchrome -->
    <test started-at="2021-05-18T13:14:15 GMT" name="Scenario1 Browserstack winfirefox" finished-at="2021-05-18T13:14:35 GMT" duration-ms="19144">
      <class name="app.netlify.automation.scenario1">
        <test-method signature="s1(java.lang.String, java.lang.String, java.lang.String, java.lang.String, java.lang.String, java.lang.String)[pri:0, instance:app.netlify.automation.scenario1@460d0a57]" started-at="2021-05-18T13:14:15 GMT" name="s1" finished-at="2021-05-18T13:14:35 GMT" duration-ms="19137" status="PASS">
          <params>
            <param index="0">
              <value>
                <![CDATA[browserstack]]>
              </value>
            </param>
            <param index="1">
              <value>
                <![CDATA[Firefox]]>
              </value>
            </param>
            <param index="2">
              <value>
                <![CDATA[]]>
              </value>
            </param>
            <param index="3">
              <value>
                <![CDATA[Windows]]>
              </value>
            </param>
            <param index="4">
              <value>
                <![CDATA[10]]>
              </value>
            </param>
            <param index="5">
              <value>
                <![CDATA[BS-S1-winfirefox]]>
              </value>
            </param>
          </params>
          <reporter-output>
          </reporter-output>
        </test-method> <!-- s1 -->
      </class> <!-- app.netlify.automation.scenario1 -->
    </test> <!-- Scenario1 Browserstack winfirefox -->
    <test started-at="2021-05-18T13:14:35 GMT" name="Scenario1 Browserstack winedge" finished-at="2021-05-18T13:14:44 GMT" duration-ms="9000">
      <class name="app.netlify.automation.scenario1">
        <test-method signature="s1(java.lang.String, java.lang.String, java.lang.String, java.lang.String, java.lang.String, java.lang.String)[pri:0, instance:app.netlify.automation.scenario1@6af93788]" started-at="2021-05-18T13:14:35 GMT" name="s1" finished-at="2021-05-18T13:14:44 GMT" duration-ms="8997" status="PASS">
          <params>
            <param index="0">
              <value>
                <![CDATA[browserstack]]>
              </value>
            </param>
            <param index="1">
              <value>
                <![CDATA[Edge]]>
              </value>
            </param>
            <param index="2">
              <value>
                <![CDATA[]]>
              </value>
            </param>
            <param index="3">
              <value>
                <![CDATA[Windows]]>
              </value>
            </param>
            <param index="4">
              <value>
                <![CDATA[10]]>
              </value>
            </param>
            <param index="5">
              <value>
                <![CDATA[BS-S1-winedge]]>
              </value>
            </param>
          </params>
          <reporter-output>
          </reporter-output>
        </test-method> <!-- s1 -->
      </class> <!-- app.netlify.automation.scenario1 -->
    </test> <!-- Scenario1 Browserstack winedge -->
    <test started-at="2021-05-18T13:14:44 GMT" name="Scenario2 Browserstack winchrome" finished-at="2021-05-18T13:14:54 GMT" duration-ms="10558">
      <class name="app.netlify.automation.scenario2">
        <test-method signature="s2(java.lang.String, java.lang.String, java.lang.String, java.lang.String, java.lang.String, java.lang.String)[pri:0, instance:app.netlify.automation.scenario2@10e92f8f]" started-at="2021-05-18T13:14:44 GMT" name="s2" finished-at="2021-05-18T13:14:54 GMT" duration-ms="10554" status="PASS">
          <params>
            <param index="0">
              <value>
                <![CDATA[browserstack]]>
              </value>
            </param>
            <param index="1">
              <value>
                <![CDATA[Chrome]]>
              </value>
            </param>
            <param index="2">
              <value>
                <![CDATA[latest]]>
              </value>
            </param>
            <param index="3">
              <value>
                <![CDATA[Windows]]>
              </value>
            </param>
            <param index="4">
              <value>
                <![CDATA[10]]>
              </value>
            </param>
            <param index="5">
              <value>
                <![CDATA[BS-S2-wichrome]]>
              </value>
            </param>
          </params>
          <reporter-output>
          </reporter-output>
        </test-method> <!-- s2 -->
      </class> <!-- app.netlify.automation.scenario2 -->
    </test> <!-- Scenario2 Browserstack winchrome -->
    <test started-at="2021-05-18T13:14:54 GMT" name="Scenario2 Browserstack winfirefox" finished-at="2021-05-18T13:15:07 GMT" duration-ms="12773">
      <class name="app.netlify.automation.scenario2">
        <test-method signature="s2(java.lang.String, java.lang.String, java.lang.String, java.lang.String, java.lang.String, java.lang.String)[pri:0, instance:app.netlify.automation.scenario2@6fe7aac8]" started-at="2021-05-18T13:14:54 GMT" name="s2" finished-at="2021-05-18T13:15:07 GMT" duration-ms="12770" status="PASS">
          <params>
            <param index="0">
              <value>
                <![CDATA[browserstack]]>
              </value>
            </param>
            <param index="1">
              <value>
                <![CDATA[Firefox]]>
              </value>
            </param>
            <param index="2">
              <value>
                <![CDATA[latest]]>
              </value>
            </param>
            <param index="3">
              <value>
                <![CDATA[Windows]]>
              </value>
            </param>
            <param index="4">
              <value>
                <![CDATA[10]]>
              </value>
            </param>
            <param index="5">
              <value>
                <![CDATA[BS-S2-winfirefox]]>
              </value>
            </param>
          </params>
          <reporter-output>
          </reporter-output>
        </test-method> <!-- s2 -->
      </class> <!-- app.netlify.automation.scenario2 -->
    </test> <!-- Scenario2 Browserstack winfirefox -->
    <test started-at="2021-05-18T13:15:07 GMT" name="Scenario2 Browserstack winedge" finished-at="2021-05-18T13:15:15 GMT" duration-ms="7884">
      <class name="app.netlify.automation.scenario2">
        <test-method signature="s2(java.lang.String, java.lang.String, java.lang.String, java.lang.String, java.lang.String, java.lang.String)[pri:0, instance:app.netlify.automation.scenario2@769f71a9]" started-at="2021-05-18T13:15:07 GMT" name="s2" finished-at="2021-05-18T13:15:15 GMT" duration-ms="7881" status="PASS">
          <params>
            <param index="0">
              <value>
                <![CDATA[browserstack]]>
              </value>
            </param>
            <param index="1">
              <value>
                <![CDATA[Edge]]>
              </value>
            </param>
            <param index="2">
              <value>
                <![CDATA[latest]]>
              </value>
            </param>
            <param index="3">
              <value>
                <![CDATA[Windows]]>
              </value>
            </param>
            <param index="4">
              <value>
                <![CDATA[10]]>
              </value>
            </param>
            <param index="5">
              <value>
                <![CDATA[BS-S2-winedge]]>
              </value>
            </param>
          </params>
          <reporter-output>
          </reporter-output>
        </test-method> <!-- s2 -->
      </class> <!-- app.netlify.automation.scenario2 -->
    </test> <!-- Scenario2 Browserstack winedge -->
    <test started-at="2021-05-18T13:15:15 GMT" name="Scenario1 Browserstack macsafari" finished-at="2021-05-18T13:15:28 GMT" duration-ms="13439">
      <class name="app.netlify.automation.scenario1">
        <test-method signature="s1(java.lang.String, java.lang.String, java.lang.String, java.lang.String, java.lang.String, java.lang.String)[pri:0, instance:app.netlify.automation.scenario1@48e4374]" started-at="2021-05-18T13:15:15 GMT" name="s1" finished-at="2021-05-18T13:15:28 GMT" duration-ms="13436" status="PASS">
          <params>
            <param index="0">
              <value>
                <![CDATA[browserstack]]>
              </value>
            </param>
            <param index="1">
              <value>
                <![CDATA[Safari]]>
              </value>
            </param>
            <param index="2">
              <value>
                <![CDATA[]]>
              </value>
            </param>
            <param index="3">
              <value>
                <![CDATA[OS X]]>
              </value>
            </param>
            <param index="4">
              <value>
                <![CDATA[Big Sur]]>
              </value>
            </param>
            <param index="5">
              <value>
                <![CDATA[BS-S1-MacSafari]]>
              </value>
            </param>
          </params>
          <reporter-output>
          </reporter-output>
        </test-method> <!-- s1 -->
      </class> <!-- app.netlify.automation.scenario1 -->
    </test> <!-- Scenario1 Browserstack macsafari -->
    <test started-at="2021-05-18T13:15:28 GMT" name="Scenario2 Browserstack macsafari" finished-at="2021-05-18T13:15:44 GMT" duration-ms="15803">
      <class name="app.netlify.automation.scenario2">
        <test-method signature="s2(java.lang.String, java.lang.String, java.lang.String, java.lang.String, java.lang.String, java.lang.String)[pri:0, instance:app.netlify.automation.scenario2@3c130745]" started-at="2021-05-18T13:15:28 GMT" name="s2" finished-at="2021-05-18T13:15:44 GMT" duration-ms="15801" status="PASS">
          <params>
            <param index="0">
              <value>
                <![CDATA[browserstack]]>
              </value>
            </param>
            <param index="1">
              <value>
                <![CDATA[Safari]]>
              </value>
            </param>
            <param index="2">
              <value>
                <![CDATA[14.0]]>
              </value>
            </param>
            <param index="3">
              <value>
                <![CDATA[OS X]]>
              </value>
            </param>
            <param index="4">
              <value>
                <![CDATA[Big Sur]]>
              </value>
            </param>
            <param index="5">
              <value>
                <![CDATA[BS-S1-MacSafari]]>
              </value>
            </param>
          </params>
          <reporter-output>
          </reporter-output>
        </test-method> <!-- s2 -->
      </class> <!-- app.netlify.automation.scenario2 -->
    </test> <!-- Scenario2 Browserstack macsafari -->
    <test started-at="2021-05-18T13:15:44 GMT" name="Scenario1 Browserstack androidchrome" finished-at="2021-05-18T13:16:45 GMT" duration-ms="60629">
      <class name="app.netlify.automation.scenario1">
        <test-method signature="s1(java.lang.String, java.lang.String, java.lang.String, java.lang.String, java.lang.String, java.lang.String)[pri:0, instance:app.netlify.automation.scenario1@1622f1b]" started-at="2021-05-18T13:15:44 GMT" name="s1" finished-at="2021-05-18T13:16:45 GMT" duration-ms="60627" status="PASS">
          <params>
            <param index="0">
              <value>
                <![CDATA[Android]]>
              </value>
            </param>
            <param index="1">
              <value>
                <![CDATA[]]>
              </value>
            </param>
            <param index="2">
              <value>
                <![CDATA[]]>
              </value>
            </param>
            <param index="3">
              <value>
                <![CDATA[Samsung Galaxy S20]]>
              </value>
            </param>
            <param index="4">
              <value>
                <![CDATA[10.0]]>
              </value>
            </param>
            <param index="5">
              <value>
                <![CDATA[BS-ANDROID-S1]]>
              </value>
            </param>
          </params>
          <reporter-output>
          </reporter-output>
        </test-method> <!-- s1 -->
      </class> <!-- app.netlify.automation.scenario1 -->
    </test> <!-- Scenario1 Browserstack androidchrome -->
    <test started-at="2021-05-18T13:16:45 GMT" name="Scenario1 Browserstack ios" finished-at="2021-05-18T13:17:00 GMT" duration-ms="15740">
      <class name="app.netlify.automation.scenario1">
        <test-method signature="s1(java.lang.String, java.lang.String, java.lang.String, java.lang.String, java.lang.String, java.lang.String)[pri:0, instance:app.netlify.automation.scenario1@34b7ac2f]" started-at="2021-05-18T13:16:45 GMT" name="s1" finished-at="2021-05-18T13:17:00 GMT" duration-ms="15738" status="PASS">
          <params>
            <param index="0">
              <value>
                <![CDATA[IOS]]>
              </value>
            </param>
            <param index="1">
              <value>
                <![CDATA[]]>
              </value>
            </param>
            <param index="2">
              <value>
                <![CDATA[]]>
              </value>
            </param>
            <param index="3">
              <value>
                <![CDATA[iPhone 12]]>
              </value>
            </param>
            <param index="4">
              <value>
                <![CDATA[14]]>
              </value>
            </param>
            <param index="5">
              <value>
                <![CDATA[BS-iOS-S1]]>
              </value>
            </param>
          </params>
          <reporter-output>
          </reporter-output>
        </test-method> <!-- s1 -->
      </class> <!-- app.netlify.automation.scenario1 -->
    </test> <!-- Scenario1 Browserstack ios -->
    <test started-at="2021-05-18T13:17:00 GMT" name="Scenario2 Browserstack androidchrome" finished-at="2021-05-18T13:17:55 GMT" duration-ms="54095">
      <class name="app.netlify.automation.scenario2">
        <test-method signature="s2(java.lang.String, java.lang.String, java.lang.String, java.lang.String, java.lang.String, java.lang.String)[pri:0, instance:app.netlify.automation.scenario2@67a20f67]" started-at="2021-05-18T13:17:00 GMT" name="s2" finished-at="2021-05-18T13:17:55 GMT" duration-ms="54093" status="PASS">
          <params>
            <param index="0">
              <value>
                <![CDATA[Android]]>
              </value>
            </param>
            <param index="1">
              <value>
                <![CDATA[]]>
              </value>
            </param>
            <param index="2">
              <value>
                <![CDATA[]]>
              </value>
            </param>
            <param index="3">
              <value>
                <![CDATA[Samsung Galaxy S20]]>
              </value>
            </param>
            <param index="4">
              <value>
                <![CDATA[10.0]]>
              </value>
            </param>
            <param index="5">
              <value>
                <![CDATA[BS-ANDROID-S2]]>
              </value>
            </param>
          </params>
          <reporter-output>
          </reporter-output>
        </test-method> <!-- s2 -->
      </class> <!-- app.netlify.automation.scenario2 -->
    </test> <!-- Scenario2 Browserstack androidchrome -->
    <test started-at="2021-05-18T13:17:55 GMT" name="Scenario2 Browserstack ios" finished-at="2021-05-18T13:18:23 GMT" duration-ms="28508">
      <class name="app.netlify.automation.scenario2">
        <test-method signature="s2(java.lang.String, java.lang.String, java.lang.String, java.lang.String, java.lang.String, java.lang.String)[pri:0, instance:app.netlify.automation.scenario2@6a400542]" started-at="2021-05-18T13:17:55 GMT" name="s2" finished-at="2021-05-18T13:18:23 GMT" duration-ms="28506" status="PASS">
          <params>
            <param index="0">
              <value>
                <![CDATA[IOS]]>
              </value>
            </param>
            <param index="1">
              <value>
                <![CDATA[]]>
              </value>
            </param>
            <param index="2">
              <value>
                <![CDATA[]]>
              </value>
            </param>
            <param index="3">
              <value>
                <![CDATA[iPhone 12]]>
              </value>
            </param>
            <param index="4">
              <value>
                <![CDATA[14]]>
              </value>
            </param>
            <param index="5">
              <value>
                <![CDATA[BS-iOS-S2]]>
              </value>
            </param>
          </params>
          <reporter-output>
          </reporter-output>
        </test-method> <!-- s2 -->
      </class> <!-- app.netlify.automation.scenario2 -->
    </test> <!-- Scenario2 Browserstack ios -->
  </suite> <!-- Suite -->
</testng-results>
