<?xml version="1.0" encoding="UTF-8"?>
<testng-results ignored="0" total="3" passed="3" failed="0" skipped="0">
  <reporter-output>
  </reporter-output>
  <suite started-at="2021-05-18T22:06:38 AEST" name="Suite" finished-at="2021-05-18T22:06:56 AEST" duration-ms="17907">
    <groups>
    </groups>
    <test started-at="2021-05-18T22:06:38 AEST" name="Scenario1 local chrome" finished-at="2021-05-18T22:06:42 AEST" duration-ms="3766">
      <class name="app.netlify.automation.scenario1">
        <test-method signature="s1(java.lang.String, java.lang.String, java.lang.String, java.lang.String, java.lang.String, java.lang.String)[pri:0, instance:app.netlify.automation.scenario1@d706f19]" started-at="2021-05-18T22:06:38 AEST" name="s1" finished-at="2021-05-18T22:06:42 AEST" duration-ms="3728" status="PASS">
          <params>
            <param index="0">
              <value>
                <![CDATA[chrome]]>
              </value>
            </param>
            <param index="1">
              <value>
                <![CDATA[]]>
              </value>
            </param>
            <param index="2">
              <value>
                <![CDATA[]]>
              </value>
            </param>
            <param index="3">
              <value>
                <![CDATA[]]>
              </value>
            </param>
            <param index="4">
              <value>
                <![CDATA[]]>
              </value>
            </param>
            <param index="5">
              <value>
                <![CDATA[]]>
              </value>
            </param>
          </params>
          <reporter-output>
          </reporter-output>
        </test-method> <!-- s1 -->
      </class> <!-- app.netlify.automation.scenario1 -->
    </test> <!-- Scenario1 local chrome -->
    <test started-at="2021-05-18T22:06:42 AEST" name="Scenario1 local firefox" finished-at="2021-05-18T22:06:50 AEST" duration-ms="7585">
      <class name="app.netlify.automation.scenario1">
        <test-method signature="s1(java.lang.String, java.lang.String, java.lang.String, java.lang.String, java.lang.String, java.lang.String)[pri:0, instance:app.netlify.automation.scenario1@78aab498]" started-at="2021-05-18T22:06:42 AEST" name="s1" finished-at="2021-05-18T22:06:50 AEST" duration-ms="7582" status="PASS">
          <params>
            <param index="0">
              <value>
                <![CDATA[firefox]]>
              </value>
            </param>
            <param index="1">
              <value>
                <![CDATA[]]>
              </value>
            </param>
            <param index="2">
              <value>
                <![CDATA[]]>
              </value>
            </param>
            <param index="3">
              <value>
                <![CDATA[]]>
              </value>
            </param>
            <param index="4">
              <value>
                <![CDATA[]]>
              </value>
            </param>
            <param index="5">
              <value>
                <![CDATA[S1-L-F]]>
              </value>
            </param>
          </params>
          <reporter-output>
          </reporter-output>
        </test-method> <!-- s1 -->
      </class> <!-- app.netlify.automation.scenario1 -->
    </test> <!-- Scenario1 local firefox -->
    <test started-at="2021-05-18T22:06:50 AEST" name="Scenario1 local edge" finished-at="2021-05-18T22:06:56 AEST" duration-ms="6536">
      <class name="app.netlify.automation.scenario1">
        <test-method signature="s1(java.lang.String, java.lang.String, java.lang.String, java.lang.String, java.lang.String, java.lang.String)[pri:0, instance:app.netlify.automation.scenario1@1677d1]" started-at="2021-05-18T22:06:50 AEST" name="s1" finished-at="2021-05-18T22:06:56 AEST" duration-ms="6534" status="PASS">
          <params>
            <param index="0">
              <value>
                <![CDATA[edge]]>
              </value>
            </param>
            <param index="1">
              <value>
                <![CDATA[]]>
              </value>
            </param>
            <param index="2">
              <value>
                <![CDATA[]]>
              </value>
            </param>
            <param index="3">
              <value>
                <![CDATA[]]>
              </value>
            </param>
            <param index="4">
              <value>
                <![CDATA[]]>
              </value>
            </param>
            <param index="5">
              <value>
                <![CDATA[S1-L-E]]>
              </value>
            </param>
          </params>
          <reporter-output>
          </reporter-output>
        </test-method> <!-- s1 -->
      </class> <!-- app.netlify.automation.scenario1 -->
    </test> <!-- Scenario1 local edge -->
  </suite> <!-- Suite -->
</testng-results>
